Analysis & Synthesis report for HWProject
Sun May 15 11:41:56 2016
Quartus II Version 9.1 Build 350 03/24/2010 Service Pack 2 SJ Web Edition


---------------------
; Table of Contents ;
---------------------
  1. Legal Notice
  2. Analysis & Synthesis Summary
  3. Analysis & Synthesis Settings
  4. Parallel Compilation
  5. Analysis & Synthesis Source Files Read
  6. Analysis & Synthesis Resource Usage Summary
  7. Analysis & Synthesis Resource Utilization by Entity
  8. User-Specified and Inferred Latches
  9. General Register Statistics
 10. Multiplexer Restructuring Statistics (Restructuring Performed)
 11. Parameter Settings for User Entity Instance: Top-level Entity: |Store_Control
 12. Analysis & Synthesis Messages



----------------
; Legal Notice ;
----------------
Copyright (C) 1991-2010 Altera Corporation
Your use of Altera Corporation's design tools, logic functions 
and other software and tools, and its AMPP partner logic 
functions, and any output files from any of the foregoing 
(including device programming or simulation files), and any 
associated documentation or information are expressly subject 
to the terms and conditions of the Altera Program License 
Subscription Agreement, Altera MegaCore Function License 
Agreement, or other applicable license agreement, including, 
without limitation, that your use is for the sole purpose of 
programming logic devices manufactured by Altera and sold by 
Altera or its authorized distributors.  Please refer to the 
applicable agreement for further details.



+-----------------------------------------------------------------------------------+
; Analysis & Synthesis Summary                                                      ;
+------------------------------------+----------------------------------------------+
; Analysis & Synthesis Status        ; Successful - Sun May 15 11:41:56 2016        ;
; Quartus II Version                 ; 9.1 Build 350 03/24/2010 SP 2 SJ Web Edition ;
; Revision Name                      ; HWProject                                    ;
; Top-level Entity Name              ; Store_Control                                ;
; Family                             ; Cyclone II                                   ;
; Total logic elements               ; 57                                           ;
;     Total combinational functions  ; 57                                           ;
;     Dedicated logic registers      ; 0                                            ;
; Total registers                    ; 0                                            ;
; Total pins                         ; 98                                           ;
; Total virtual pins                 ; 0                                            ;
; Total memory bits                  ; 0                                            ;
; Embedded Multiplier 9-bit elements ; 0                                            ;
; Total PLLs                         ; 0                                            ;
+------------------------------------+----------------------------------------------+


+----------------------------------------------------------------------------------------------------------------------+
; Analysis & Synthesis Settings                                                                                        ;
+----------------------------------------------------------------------------+--------------------+--------------------+
; Option                                                                     ; Setting            ; Default Value      ;
+----------------------------------------------------------------------------+--------------------+--------------------+
; Device                                                                     ; EP2C70F896C7       ;                    ;
; Top-level entity name                                                      ; Store_Control      ; HWProject          ;
; Family name                                                                ; Cyclone II         ; Stratix II         ;
; Use Generated Physical Constraints File                                    ; Off                ;                    ;
; Use smart compilation                                                      ; Off                ; Off                ;
; Enable parallel Assembler and TimeQuest Timing Analyzer during compilation ; On                 ; On                 ;
; Enable compact report table                                                ; Off                ; Off                ;
; Restructure Multiplexers                                                   ; Auto               ; Auto               ;
; Create Debugging Nodes for IP Cores                                        ; Off                ; Off                ;
; Preserve fewer node names                                                  ; On                 ; On                 ;
; Disable OpenCore Plus hardware evaluation                                  ; Off                ; Off                ;
; Verilog Version                                                            ; Verilog_2001       ; Verilog_2001       ;
; VHDL Version                                                               ; VHDL_1993          ; VHDL_1993          ;
; State Machine Processing                                                   ; Auto               ; Auto               ;
; Safe State Machine                                                         ; Off                ; Off                ;
; Extract Verilog State Machines                                             ; On                 ; On                 ;
; Extract VHDL State Machines                                                ; On                 ; On                 ;
; Ignore Verilog initial constructs                                          ; Off                ; Off                ;
; Iteration limit for constant Verilog loops                                 ; 5000               ; 5000               ;
; Iteration limit for non-constant Verilog loops                             ; 250                ; 250                ;
; Add Pass-Through Logic to Inferred RAMs                                    ; On                 ; On                 ;
; Parallel Synthesis                                                         ; On                 ; On                 ;
; DSP Block Balancing                                                        ; Auto               ; Auto               ;
; NOT Gate Push-Back                                                         ; On                 ; On                 ;
; Power-Up Don't Care                                                        ; On                 ; On                 ;
; Remove Redundant Logic Cells                                               ; Off                ; Off                ;
; Remove Duplicate Registers                                                 ; On                 ; On                 ;
; Ignore CARRY Buffers                                                       ; Off                ; Off                ;
; Ignore CASCADE Buffers                                                     ; Off                ; Off                ;
; Ignore GLOBAL Buffers                                                      ; Off                ; Off                ;
; Ignore ROW GLOBAL Buffers                                                  ; Off                ; Off                ;
; Ignore LCELL Buffers                                                       ; Off                ; Off                ;
; Ignore SOFT Buffers                                                        ; On                 ; On                 ;
; Limit AHDL Integers to 32 Bits                                             ; Off                ; Off                ;
; Optimization Technique                                                     ; Balanced           ; Balanced           ;
; Carry Chain Length                                                         ; 70                 ; 70                 ;
; Auto Carry Chains                                                          ; On                 ; On                 ;
; Auto Open-Drain Pins                                                       ; On                 ; On                 ;
; Perform WYSIWYG Primitive Resynthesis                                      ; Off                ; Off                ;
; Auto ROM Replacement                                                       ; On                 ; On                 ;
; Auto RAM Replacement                                                       ; On                 ; On                 ;
; Auto Shift Register Replacement                                            ; Auto               ; Auto               ;
; Auto Clock Enable Replacement                                              ; On                 ; On                 ;
; Strict RAM Replacement                                                     ; Off                ; Off                ;
; Allow Synchronous Control Signals                                          ; On                 ; On                 ;
; Force Use of Synchronous Clear Signals                                     ; Off                ; Off                ;
; Auto RAM to Logic Cell Conversion                                          ; Off                ; Off                ;
; Auto Resource Sharing                                                      ; Off                ; Off                ;
; Allow Any RAM Size For Recognition                                         ; Off                ; Off                ;
; Allow Any ROM Size For Recognition                                         ; Off                ; Off                ;
; Allow Any Shift Register Size For Recognition                              ; Off                ; Off                ;
; Use LogicLock Constraints during Resource Balancing                        ; On                 ; On                 ;
; Ignore translate_off and synthesis_off directives                          ; Off                ; Off                ;
; Timing-Driven Synthesis                                                    ; Off                ; Off                ;
; Show Parameter Settings Tables in Synthesis Report                         ; On                 ; On                 ;
; Ignore Maximum Fan-Out Assignments                                         ; Off                ; Off                ;
; Synchronization Register Chain Length                                      ; 2                  ; 2                  ;
; PowerPlay Power Optimization                                               ; Normal compilation ; Normal compilation ;
; HDL message level                                                          ; Level2             ; Level2             ;
; Suppress Register Optimization Related Messages                            ; Off                ; Off                ;
; Number of Removed Registers Reported in Synthesis Report                   ; 5000               ; 5000               ;
; Number of Inverted Registers Reported in Synthesis Report                  ; 100                ; 100                ;
; Clock MUX Protection                                                       ; On                 ; On                 ;
; Auto Gated Clock Conversion                                                ; Off                ; Off                ;
; Block Design Naming                                                        ; Auto               ; Auto               ;
; SDC constraint protection                                                  ; Off                ; Off                ;
; Synthesis Effort                                                           ; Auto               ; Auto               ;
; Shift Register Replacement - Allow Asynchronous Clear Signal               ; On                 ; On                 ;
; Analysis & Synthesis Message Level                                         ; Medium             ; Medium             ;
; Disable Register Merging Across Hierarchies                                ; Auto               ; Auto               ;
; Resource Aware Inference For Block RAM                                     ; On                 ; On                 ;
+----------------------------------------------------------------------------+--------------------+--------------------+


Parallel compilation was disabled, but you have multiple processors available. Enable parallel compilation to reduce compilation time.
+-------------------------------------+
; Parallel Compilation                ;
+----------------------------+--------+
; Processors                 ; Number ;
+----------------------------+--------+
; Number detected on machine ; 2      ;
; Maximum allowed            ; 1      ;
+----------------------------+--------+


+--------------------------------------------------------------------------------------------------------------------------------------+
; Analysis & Synthesis Source Files Read                                                                                               ;
+----------------------------------+-----------------+------------------------+--------------------------------------------------------+
; File Name with User-Entered Path ; Used in Netlist ; File Type              ; File Name with Absolute Path                           ;
+----------------------------------+-----------------+------------------------+--------------------------------------------------------+
; Store_Control.v                  ; yes             ; User Verilog HDL File  ; C:/Users/dgmneto/Documents/Projetos/HW/Store_Control.v ;
+----------------------------------+-----------------+------------------------+--------------------------------------------------------+


+-------------------------------------------------------+
; Analysis & Synthesis Resource Usage Summary           ;
+---------------------------------------------+---------+
; Resource                                    ; Usage   ;
+---------------------------------------------+---------+
; Estimated Total logic elements              ; 57      ;
;                                             ;         ;
; Total combinational functions               ; 57      ;
; Logic element usage by number of LUT inputs ;         ;
;     -- 4 input functions                    ; 16      ;
;     -- 3 input functions                    ; 40      ;
;     -- <=2 input functions                  ; 1       ;
;                                             ;         ;
; Logic elements by mode                      ;         ;
;     -- normal mode                          ; 57      ;
;     -- arithmetic mode                      ; 0       ;
;                                             ;         ;
; Total registers                             ; 0       ;
;     -- Dedicated logic registers            ; 0       ;
;     -- I/O registers                        ; 0       ;
;                                             ;         ;
; I/O pins                                    ; 98      ;
; Maximum fan-out node                        ; Mux24~0 ;
; Maximum fan-out                             ; 32      ;
; Total fan-out                               ; 218     ;
; Average fan-out                             ; 1.41    ;
+---------------------------------------------+---------+


+-----------------------------------------------------------------------------------------------------------------------------------------------------------------------------+
; Analysis & Synthesis Resource Utilization by Entity                                                                                                                         ;
+----------------------------+-------------------+--------------+-------------+--------------+---------+-----------+------+--------------+---------------------+--------------+
; Compilation Hierarchy Node ; LC Combinationals ; LC Registers ; Memory Bits ; DSP Elements ; DSP 9x9 ; DSP 18x18 ; Pins ; Virtual Pins ; Full Hierarchy Name ; Library Name ;
+----------------------------+-------------------+--------------+-------------+--------------+---------+-----------+------+--------------+---------------------+--------------+
; |Store_Control             ; 57 (57)           ; 0 (0)        ; 0           ; 0            ; 0       ; 0         ; 98   ; 0            ; |Store_Control      ; work         ;
+----------------------------+-------------------+--------------+-------------+--------------+---------+-----------+------+--------------+---------------------+--------------+
Note: For table entries with two numbers listed, the numbers in parentheses indicate the number of resources of the given type used by the specific entity alone. The numbers listed outside of parentheses indicate the total resources of the given type used by the specific entity and all of its sub-entities in the hierarchy.


+----------------------------------------------------------------------------------------------------+
; User-Specified and Inferred Latches                                                                ;
+-----------------------------------------------------+---------------------+------------------------+
; Latch Name                                          ; Latch Enable Signal ; Free of Timing Hazards ;
+-----------------------------------------------------+---------------------+------------------------+
; toMemory[0]$latch                                   ; Mux24               ; yes                    ;
; toMemory[1]$latch                                   ; Mux24               ; yes                    ;
; toMemory[2]$latch                                   ; Mux24               ; yes                    ;
; toMemory[3]$latch                                   ; Mux24               ; yes                    ;
; toMemory[4]$latch                                   ; Mux24               ; yes                    ;
; toMemory[5]$latch                                   ; Mux24               ; yes                    ;
; toMemory[6]$latch                                   ; Mux24               ; yes                    ;
; toMemory[7]$latch                                   ; Mux24               ; yes                    ;
; toMemory[8]$latch                                   ; Mux24               ; yes                    ;
; toMemory[9]$latch                                   ; Mux24               ; yes                    ;
; toMemory[10]$latch                                  ; Mux24               ; yes                    ;
; toMemory[11]$latch                                  ; Mux24               ; yes                    ;
; toMemory[12]$latch                                  ; Mux24               ; yes                    ;
; toMemory[13]$latch                                  ; Mux24               ; yes                    ;
; toMemory[14]$latch                                  ; Mux24               ; yes                    ;
; toMemory[15]$latch                                  ; Mux24               ; yes                    ;
; toMemory[16]$latch                                  ; Mux24               ; yes                    ;
; toMemory[17]$latch                                  ; Mux24               ; yes                    ;
; toMemory[18]$latch                                  ; Mux24               ; yes                    ;
; toMemory[19]$latch                                  ; Mux24               ; yes                    ;
; toMemory[20]$latch                                  ; Mux24               ; yes                    ;
; toMemory[21]$latch                                  ; Mux24               ; yes                    ;
; toMemory[22]$latch                                  ; Mux24               ; yes                    ;
; toMemory[23]$latch                                  ; Mux24               ; yes                    ;
; toMemory[24]$latch                                  ; Mux24               ; yes                    ;
; toMemory[25]$latch                                  ; Mux24               ; yes                    ;
; toMemory[26]$latch                                  ; Mux24               ; yes                    ;
; toMemory[27]$latch                                  ; Mux24               ; yes                    ;
; toMemory[28]$latch                                  ; Mux24               ; yes                    ;
; toMemory[29]$latch                                  ; Mux24               ; yes                    ;
; toMemory[30]$latch                                  ; Mux24               ; yes                    ;
; toMemory[31]$latch                                  ; Mux24               ; yes                    ;
; Number of user-specified and inferred latches = 32  ;                     ;                        ;
+-----------------------------------------------------+---------------------+------------------------+
Note: All latches listed above may not be present at the end of synthesis due to various synthesis optimizations.


+------------------------------------------------------+
; General Register Statistics                          ;
+----------------------------------------------+-------+
; Statistic                                    ; Value ;
+----------------------------------------------+-------+
; Total registers                              ; 0     ;
; Number of registers using Synchronous Clear  ; 0     ;
; Number of registers using Synchronous Load   ; 0     ;
; Number of registers using Asynchronous Clear ; 0     ;
; Number of registers using Asynchronous Load  ; 0     ;
; Number of registers using Clock Enable       ; 0     ;
; Number of registers using Preset             ; 0     ;
+----------------------------------------------+-------+


+------------------------------------------------------------------------------------------------------------------------------------------+
; Multiplexer Restructuring Statistics (Restructuring Performed)                                                                           ;
+--------------------+-----------+---------------+----------------------+------------------------+------------+----------------------------+
; Multiplexer Inputs ; Bus Width ; Baseline Area ; Area if Restructured ; Saving if Restructured ; Registered ; Example Multiplexer Output ;
+--------------------+-----------+---------------+----------------------+------------------------+------------+----------------------------+
; 3:1                ; 8 bits    ; 16 LEs        ; 8 LEs                ; 8 LEs                  ; No         ; |Store_Control|Mux0        ;
; 3:1                ; 16 bits   ; 32 LEs        ; 16 LEs               ; 16 LEs                 ; No         ; |Store_Control|Mux8        ;
+--------------------+-----------+---------------+----------------------+------------------------+------------+----------------------------+


+-------------------------------------------------------------------------------+
; Parameter Settings for User Entity Instance: Top-level Entity: |Store_Control ;
+----------------+-------+------------------------------------------------------+
; Parameter Name ; Value ; Type                                                 ;
+----------------+-------+------------------------------------------------------+
; WORD           ; 00    ; Unsigned Binary                                      ;
; HWORD          ; 01    ; Unsigned Binary                                      ;
; BYTE           ; 10    ; Unsigned Binary                                      ;
+----------------+-------+------------------------------------------------------+
Note: In order to hide this table in the UI and the text report file, please set the "Show Parameter Settings Tables in Synthesis Report" option in "Analysis and Synthesis Settings -> More Settings" to "Off".


+-------------------------------+
; Analysis & Synthesis Messages ;
+-------------------------------+
Info: *******************************************************************
Info: Running Quartus II Analysis & Synthesis
    Info: Version 9.1 Build 350 03/24/2010 Service Pack 2 SJ Web Edition
    Info: Processing started: Sun May 15 11:41:54 2016
Info: Command: quartus_map --read_settings_files=on --write_settings_files=off HWProject -c HWProject
Info: Found 2 design units, including 1 entities, in source file banco_reg.vhd
    Info: Found design unit 1: Banco_reg-behavioral_arch
    Info: Found entity 1: Banco_reg
Info: Found 2 design units, including 1 entities, in source file instr_reg.vhd
    Info: Found design unit 1: Instr_Reg-behavioral_arch
    Info: Found entity 1: Instr_Reg
Info: Found 3 design units, including 1 entities, in source file memoria.vhd
    Info: Found design unit 1: ram_constants
    Info: Found design unit 2: Memoria-behavioral_arch
    Info: Found entity 1: Memoria
Info: Found 2 design units, including 1 entities, in source file regdesloc.vhd
    Info: Found design unit 1: RegDesloc-behavioral_arch
    Info: Found entity 1: RegDesloc
Info: Found 2 design units, including 1 entities, in source file registrador.vhd
    Info: Found design unit 1: Registrador-behavioral_arch
    Info: Found entity 1: Registrador
Info: Found 2 design units, including 1 entities, in source file ula32.vhd
    Info: Found design unit 1: Ula32-behavioral
    Info: Found entity 1: Ula32
Info: Found 1 design units, including 1 entities, in source file store_control.v
    Info: Found entity 1: Store_Control
Info: Elaborating entity "Store_Control" for the top level hierarchy
Warning (10270): Verilog HDL Case Statement warning at Store_Control.v(11): incomplete case statement has no default case item
Warning (10240): Verilog HDL Always Construct warning at Store_Control.v(11): inferring latch(es) for variable "toMemory", which holds its previous value in one or more paths through the always construct
Info (10041): Inferred latch for "toMemory[0]" at Store_Control.v(11)
Info (10041): Inferred latch for "toMemory[1]" at Store_Control.v(11)
Info (10041): Inferred latch for "toMemory[2]" at Store_Control.v(11)
Info (10041): Inferred latch for "toMemory[3]" at Store_Control.v(11)
Info (10041): Inferred latch for "toMemory[4]" at Store_Control.v(11)
Info (10041): Inferred latch for "toMemory[5]" at Store_Control.v(11)
Info (10041): Inferred latch for "toMemory[6]" at Store_Control.v(11)
Info (10041): Inferred latch for "toMemory[7]" at Store_Control.v(11)
Info (10041): Inferred latch for "toMemory[8]" at Store_Control.v(11)
Info (10041): Inferred latch for "toMemory[9]" at Store_Control.v(11)
Info (10041): Inferred latch for "toMemory[10]" at Store_Control.v(11)
Info (10041): Inferred latch for "toMemory[11]" at Store_Control.v(11)
Info (10041): Inferred latch for "toMemory[12]" at Store_Control.v(11)
Info (10041): Inferred latch for "toMemory[13]" at Store_Control.v(11)
Info (10041): Inferred latch for "toMemory[14]" at Store_Control.v(11)
Info (10041): Inferred latch for "toMemory[15]" at Store_Control.v(11)
Info (10041): Inferred latch for "toMemory[16]" at Store_Control.v(11)
Info (10041): Inferred latch for "toMemory[17]" at Store_Control.v(11)
Info (10041): Inferred latch for "toMemory[18]" at Store_Control.v(11)
Info (10041): Inferred latch for "toMemory[19]" at Store_Control.v(11)
Info (10041): Inferred latch for "toMemory[20]" at Store_Control.v(11)
Info (10041): Inferred latch for "toMemory[21]" at Store_Control.v(11)
Info (10041): Inferred latch for "toMemory[22]" at Store_Control.v(11)
Info (10041): Inferred latch for "toMemory[23]" at Store_Control.v(11)
Info (10041): Inferred latch for "toMemory[24]" at Store_Control.v(11)
Info (10041): Inferred latch for "toMemory[25]" at Store_Control.v(11)
Info (10041): Inferred latch for "toMemory[26]" at Store_Control.v(11)
Info (10041): Inferred latch for "toMemory[27]" at Store_Control.v(11)
Info (10041): Inferred latch for "toMemory[28]" at Store_Control.v(11)
Info (10041): Inferred latch for "toMemory[29]" at Store_Control.v(11)
Info (10041): Inferred latch for "toMemory[30]" at Store_Control.v(11)
Info (10041): Inferred latch for "toMemory[31]" at Store_Control.v(11)
Warning: Latch toMemory[8]$latch has unsafe behavior
    Warning: Ports D and ENA on the latch are fed by the same signal STRCtrl[1]
Warning: Latch toMemory[9]$latch has unsafe behavior
    Warning: Ports D and ENA on the latch are fed by the same signal STRCtrl[1]
Warning: Latch toMemory[10]$latch has unsafe behavior
    Warning: Ports D and ENA on the latch are fed by the same signal STRCtrl[1]
Warning: Latch toMemory[11]$latch has unsafe behavior
    Warning: Ports D and ENA on the latch are fed by the same signal STRCtrl[1]
Warning: Latch toMemory[12]$latch has unsafe behavior
    Warning: Ports D and ENA on the latch are fed by the same signal STRCtrl[1]
Warning: Latch toMemory[13]$latch has unsafe behavior
    Warning: Ports D and ENA on the latch are fed by the same signal STRCtrl[1]
Warning: Latch toMemory[14]$latch has unsafe behavior
    Warning: Ports D and ENA on the latch are fed by the same signal STRCtrl[1]
Warning: Latch toMemory[15]$latch has unsafe behavior
    Warning: Ports D and ENA on the latch are fed by the same signal STRCtrl[1]
Warning: Latch toMemory[16]$latch has unsafe behavior
    Warning: Ports D and ENA on the latch are fed by the same signal STRCtrl[0]
Warning: Latch toMemory[17]$latch has unsafe behavior
    Warning: Ports D and ENA on the latch are fed by the same signal STRCtrl[0]
Warning: Latch toMemory[18]$latch has unsafe behavior
    Warning: Ports D and ENA on the latch are fed by the same signal STRCtrl[0]
Warning: Latch toMemory[19]$latch has unsafe behavior
    Warning: Ports D and ENA on the latch are fed by the same signal STRCtrl[0]
Warning: Latch toMemory[20]$latch has unsafe behavior
    Warning: Ports D and ENA on the latch are fed by the same signal STRCtrl[0]
Warning: Latch toMemory[21]$latch has unsafe behavior
    Warning: Ports D and ENA on the latch are fed by the same signal STRCtrl[0]
Warning: Latch toMemory[22]$latch has unsafe behavior
    Warning: Ports D and ENA on the latch are fed by the same signal STRCtrl[0]
Warning: Latch toMemory[23]$latch has unsafe behavior
    Warning: Ports D and ENA on the latch are fed by the same signal STRCtrl[0]
Warning: Latch toMemory[24]$latch has unsafe behavior
    Warning: Ports D and ENA on the latch are fed by the same signal STRCtrl[0]
Warning: Latch toMemory[25]$latch has unsafe behavior
    Warning: Ports D and ENA on the latch are fed by the same signal STRCtrl[0]
Warning: Latch toMemory[26]$latch has unsafe behavior
    Warning: Ports D and ENA on the latch are fed by the same signal STRCtrl[0]
Warning: Latch toMemory[27]$latch has unsafe behavior
    Warning: Ports D and ENA on the latch are fed by the same signal STRCtrl[0]
Warning: Latch toMemory[28]$latch has unsafe behavior
    Warning: Ports D and ENA on the latch are fed by the same signal STRCtrl[0]
Warning: Latch toMemory[29]$latch has unsafe behavior
    Warning: Ports D and ENA on the latch are fed by the same signal STRCtrl[0]
Warning: Latch toMemory[30]$latch has unsafe behavior
    Warning: Ports D and ENA on the latch are fed by the same signal STRCtrl[0]
Warning: Latch toMemory[31]$latch has unsafe behavior
    Warning: Ports D and ENA on the latch are fed by the same signal STRCtrl[0]
Warning: Ignored assignments for entity "HWProject" -- entity does not exist in design
    Warning: Assignment for entity set_global_assignment -name LL_ROOT_REGION ON -entity HWProject -section_id "Root Region" was ignored
    Warning: Assignment for entity set_global_assignment -name LL_MEMBER_STATE LOCKED -entity HWProject -section_id "Root Region" was ignored
Warning: Design contains 8 input pin(s) that do not drive logic
    Warning (15610): No output dependent on input pin "MDR[0]"
    Warning (15610): No output dependent on input pin "MDR[1]"
    Warning (15610): No output dependent on input pin "MDR[2]"
    Warning (15610): No output dependent on input pin "MDR[3]"
    Warning (15610): No output dependent on input pin "MDR[4]"
    Warning (15610): No output dependent on input pin "MDR[5]"
    Warning (15610): No output dependent on input pin "MDR[6]"
    Warning (15610): No output dependent on input pin "MDR[7]"
Info: Implemented 155 device resources after synthesis - the final resource count might be different
    Info: Implemented 66 input pins
    Info: Implemented 32 output pins
    Info: Implemented 57 logic cells
Info: Quartus II Analysis & Synthesis was successful. 0 errors, 62 warnings
    Info: Peak virtual memory: 253 megabytes
    Info: Processing ended: Sun May 15 11:41:56 2016
    Info: Elapsed time: 00:00:02
    Info: Total CPU time (on all processors): 00:00:02


